2022-11-23 21:03:12,993 - INFO - Запуск программы
2022-11-23 21:03:14,244 - INFO - Ввод с консоли числа 7 - границы диапазона генерируемого числа
2022-11-23 21:03:15,577 - INFO - Ввод с консоли числа 3 - кол-ва попыток угадать сгенерированное число
2022-11-23 21:03:15,577 - INFO - Программа сгенерировала число: 4
2022-11-23 21:03:17,952 - ERROR - Ошибка. Некорректный ввод с консоли
2022-11-23 21:03:18,953 - INFO - Ввод с консоли числа (предположение сгенерированного): 5
2022-11-23 21:03:18,953 - INFO - Сообщение о том, что введенное число больше сгенерированного числа
2022-11-23 21:03:20,262 - INFO - Ввод с консоли числа (предположение сгенерированного): 4
2022-11-23 21:03:20,262 - INFO - Сообщение о том, что пользователь угадал число
2022-11-23 21:03:57,576 - INFO - Завершение работы программы

2022-11-23 21:04:28,112 - INFO - Запуск программы
2022-11-23 21:04:30,235 - INFO - Ввод с консоли числа 10 - границы диапазона генерируемого числа
2022-11-23 21:04:31,124 - INFO - Ввод с консоли числа 5 - кол-ва попыток угадать сгенерированное число
2022-11-23 21:04:31,124 - INFO - Программа сгенерировала число: 4
2022-11-23 21:04:41,658 - INFO - Ввод с консоли числа (предположение сгенерированного): 2
2022-11-23 21:04:41,658 - INFO - Сообщение о том, что введенное число меньше сгенерированного числа
2022-11-23 21:04:51,920 - INFO - Ввод с консоли числа (предположение сгенерированного): 8
2022-11-23 21:04:51,920 - INFO - Сообщение о том, что введенное число больше сгенерированного числа
2022-11-23 21:04:53,738 - INFO - Ввод с консоли числа (предположение сгенерированного): 3
2022-11-23 21:04:53,738 - INFO - Сообщение о том, что введенное число меньше сгенерированного числа
2022-11-23 21:04:56,649 - INFO - Ввод с консоли числа (предположение сгенерированного): 7
2022-11-23 21:04:56,649 - INFO - Сообщение о том, что введенное число больше сгенерированного числа
2022-11-23 21:05:00,295 - INFO - Ввод с консоли числа (предположение сгенерированного): 9
2022-11-23 21:05:00,295 - INFO - Сообщение о том, что у пользователя закончились попытки
